Arguments: 
  /home/kene/.nvm/versions/node/v18.7.0/bin/node /home/kene/.yarn/bin/yarn.js add tailwindcss --dev

PATH: 
  /home/kene/.nvm/versions/node/v18.7.0/bin:/home/kene/.yarn/bin:/home/kene/.config/yarn/global/node_modules/.bin:/home/kene/.yarn/bin:/home/kene/.config/yarn/global/node_modules/.bin:/usr/local/sbin:/usr/local/bin:/usr/sbin:/usr/bin:/sbin:/bin:/usr/games:/usr/local/games:/snap/bin

Yarn version: 
  1.22.19

Node version: 
  18.7.0

Platform: 
  linux x64

Trace: 
  Error: read ECONNRESET
      at TLSWrap.onStreamRead (node:internal/stream_base_commons:217:20)

npm manifest: 
  {
    "name": "space-tourism-website-main",
    "version": "1.0.0",
    "description": "![Design preview for the Space tourism website coding challenge](./preview.jpg)",
    "main": "index.js",
    "scripts": {
      "test": "echo \"Error: no test specified\" && exit 1"
    },
    "keywords": [],
    "author": "",
    "license": "ISC"
  }

yarn manifest: 
  No manifest

Lockfile: 
  No lockfile
